<?xml version="1.0" encoding="UTF-8"?>
<testsuite xmlns:xsi="http://www.w3.org/2001/XMLSchema-instance" xsi:noNamespaceSchemaLocation="https://maven.apache.org/surefire/maven-surefire-plugin/xsd/surefire-test-report-3.0.xsd" version="3.0" name="runner.RunCucumberTest" time="14.023" tests="5" errors="0" skipped="0" failures="0">
  <properties>
[...]
</properties>
  <testcase name="Dado que estou no site da qazando" classname="Cenario: Visualizar codigo de desconto" time="0.001">
    <system-err><![CDATA[Starting ChromeDriver 102.0.5005.61 (0e59bcc00cc4985ce39ad31c150065f159d95ad3-refs/branch-heads/5005@{#819}) on port 52558
Only local connections are allowed.
Please see https://chromedriver.chromium.org/security-considerations for suggestions on keeping ChromeDriver safe.
ChromeDriver was started successfully.
jun 15, 2022 5:44:28 PM org.openqa.selenium.remote.ProtocolHandshake createSession
INFORMAÇÕES: Detected dialect: W3C
jun 15, 2022 5:44:28 PM org.openqa.selenium.devtools.CdpVersionFinder findNearestMatch
ADVERTÊNCIA: Unable to find an exact match for CDP version 102, so returning the closest version found: a no-op implementation
jun 15, 2022 5:44:28 PM org.openqa.selenium.devtools.CdpVersionFinder findNearestMatch
INFORMAÇÕES: Unable to find CDP implementation matching 102.
jun 15, 2022 5:44:28 PM org.openqa.selenium.chromium.ChromiumDriver lambda$new$3
ADVERTÊNCIA: Unable to find version of CDP to use for . You may need to include a dependency on a specific version of the CDP using something similar to `org.seleniumhq.selenium:selenium-devtools-v86:4.1.2` where the version ("v86") matches the version of the chromium-based browser you're using and the version number of the artifact is the same as Selenium's.
]]></system-err>
  </testcase>
  <testcase name="Quando eu preencho meu email" classname="Cenario: Visualizar codigo de desconto" time="0"/>
  <testcase name="E clico em ganhar cupom" classname="Cenario: Visualizar codigo de desconto" time="0"/>
  <testcase name="Entao eu vejo o código de desconto" classname="Cenario: Visualizar codigo de desconto" time="0"/>
  <testcase name="" classname="Cenario: Visualizar codigo de desconto" time="0.001"/>
</testsuite>